<?xml version="1.0" encoding="UTF-8"?>
<!-- Generated by org.testng.reporters.JUnitReportReporter -->
<testsuite hostname="DevendraS-130398" failures="0" tests="1" name="com.crm.qa.testcases.Maintain_AWBUpdatePageTest" time="74.160" errors="0" timestamp="13 Mar 2024 06:34:01 GMT" skipped="0">
  <testcase classname="com.crm.qa.testcases.Maintain_AWBUpdatePageTest" name="Maintain_AWB_Reporcessflow" time="74.160"/>
</testsuite> <!-- com.crm.qa.testcases.Maintain_AWBUpdatePageTest -->
