<?xml version="1.0" encoding="UTF-8"?>
<!-- Generated by org.testng.reporters.JUnitReportReporter -->
<testsuite hostname="DevendraS-130398" failures="0" tests="5" name="com.crm.qa.testcases.LoginPageTest" time="34.744" errors="0" timestamp="09 Mar 2024 19:13:55 GMT" skipped="0">
  <testcase classname="com.crm.qa.testcases.LoginPageTest" name="invalidLogin" time="7.000"/>
  <testcase classname="com.crm.qa.testcases.LoginPageTest" name="invalidUser" time="6.555"/>
  <testcase classname="com.crm.qa.testcases.LoginPageTest" name="invalidPass" time="6.265"/>
  <testcase classname="com.crm.qa.testcases.LoginPageTest" name="noCredentials" time="6.160"/>
  <testcase classname="com.crm.qa.testcases.LoginPageTest" name="loginTest" time="8.764"/>
</testsuite> <!-- com.crm.qa.testcases.LoginPageTest -->
