<?xml version="1.0" encoding="UTF-8"?>
<!-- Generated by org.testng.reporters.JUnitReportReporter -->
<testsuite hostname="DevendraS-130398" failures="0" tests="4" name="com.crm.qa.testcases.RegionCodeCreationPageTest" time="54.729" errors="0" timestamp="11 Mar 2024 09:50:30 GMT" skipped="0">
  <testcase classname="com.crm.qa.testcases.RegionCodeCreationPageTest" name="verifyhomepage" time="9.346"/>
  <testcase classname="com.crm.qa.testcases.RegionCodeCreationPageTest" name="verifyRegionListingpage" time="11.198"/>
  <testcase classname="com.crm.qa.testcases.RegionCodeCreationPageTest" name="ClickonNewRegionButton" time="18.203"/>
  <testcase classname="com.crm.qa.testcases.RegionCodeCreationPageTest" name="RegionCreationPossitiveflow" time="15.982"/>
</testsuite> <!-- com.crm.qa.testcases.RegionCodeCreationPageTest -->
