<?xml version="1.0" encoding="UTF-8"?>
<!-- Generated by org.testng.reporters.JUnitReportReporter -->
<testsuite hostname="DevendraS-130398" failures="0" tests="2" name="com.crm.qa.testcases.HSCode_MasterListingPageTest" time="19.260" errors="0" timestamp="11 Mar 2024 09:05:21 GMT" skipped="0">
  <testcase classname="com.crm.qa.testcases.HSCode_MasterListingPageTest" name="verifyhomepage" time="7.773"/>
  <testcase classname="com.crm.qa.testcases.HSCode_MasterListingPageTest" name="verifyFreightForwarderListingpage" time="11.487"/>
</testsuite> <!-- com.crm.qa.testcases.HSCode_MasterListingPageTest -->
