<?xml version="1.0" encoding="UTF-8"?>
<!-- Generated by org.testng.reporters.JUnitReportReporter -->
<testsuite hostname="DevendraS-130398" failures="0" tests="1" name="com.crm.qa.testcases.CountryMasterListingPageTest" time="10.743" errors="0" timestamp="09 Mar 2024 23:09:00 GMT" skipped="0">
  <testcase classname="com.crm.qa.testcases.CountryMasterListingPageTest" name="verifyCountryListingpage" time="10.743"/>
</testsuite> <!-- com.crm.qa.testcases.CountryMasterListingPageTest -->
