<?xml version="1.0" encoding="UTF-8"?>
<!-- Generated by org.testng.reporters.JUnitReportReporter -->
<testsuite hostname="DevendraS-130398" failures="0" tests="2" name="com.crm.qa.testcases.Airport_Warehouse_MasterListingPageTest" time="14.283" errors="0" timestamp="11 Mar 2024 19:31:27 GMT" skipped="0">
  <testcase classname="com.crm.qa.testcases.Airport_Warehouse_MasterListingPageTest" name="verifyhomepage" time="5.397"/>
  <testcase classname="com.crm.qa.testcases.Airport_Warehouse_MasterListingPageTest" name="verifyAircraftListingpage" time="8.886"/>
</testsuite> <!-- com.crm.qa.testcases.Airport_Warehouse_MasterListingPageTest -->
