<?xml version="1.0" encoding="UTF-8"?>
<!-- Generated by org.testng.reporters.JUnitReportReporter -->
<testsuite hostname="DevendraS-130398" failures="0" tests="6" name="com.crm.qa.testcases.LoginPageTest" time="63.770" errors="0" timestamp="10 Mar 2024 17:12:48 GMT" skipped="0">
  <testcase classname="com.crm.qa.testcases.LoginPageTest" name="loginPageTitleTest" time="8.338"/>
  <testcase classname="com.crm.qa.testcases.LoginPageTest" name="invalidLogin" time="9.538"/>
  <testcase classname="com.crm.qa.testcases.LoginPageTest" name="invalidUser" time="11.981"/>
  <testcase classname="com.crm.qa.testcases.LoginPageTest" name="invalidPass" time="6.003"/>
  <testcase classname="com.crm.qa.testcases.LoginPageTest" name="noCredentials" time="13.012"/>
  <testcase classname="com.crm.qa.testcases.LoginPageTest" name="loginTest" time="14.898"/>
</testsuite> <!-- com.crm.qa.testcases.LoginPageTest -->
