<?xml version="1.0" encoding="UTF-8"?>
<!-- Generated by org.testng.reporters.JUnitReportReporter -->
<testsuite hostname="Cargo-IT001" failures="0" tests="5" name="com.crm.qa.testcases.LoginPageTest" time="43.448" errors="0" timestamp="08 Mar 2024 13:21:11 GMT" skipped="0">
  <testcase classname="com.crm.qa.testcases.LoginPageTest" name="invalidLogin" time="7.218"/>
  <testcase classname="com.crm.qa.testcases.LoginPageTest" name="invalidUser" time="13.101"/>
  <testcase classname="com.crm.qa.testcases.LoginPageTest" name="invalidPass" time="6.277"/>
  <testcase classname="com.crm.qa.testcases.LoginPageTest" name="noCredentials" time="8.007"/>
  <testcase classname="com.crm.qa.testcases.LoginPageTest" name="loginTest" time="8.845"/>
</testsuite> <!-- com.crm.qa.testcases.LoginPageTest -->
