<?xml version="1.0" encoding="UTF-8"?>
<!-- Generated by org.testng.reporters.JUnitReportReporter -->
<testsuite hostname="DevendraS-130398" failures="0" tests="2" name="com.crm.qa.testcases.Region_MasterListingPageTest" time="17.073" errors="0" timestamp="11 Mar 2024 09:21:53 GMT" skipped="0">
  <testcase classname="com.crm.qa.testcases.Region_MasterListingPageTest" name="verifyhomepage" time="6.966"/>
  <testcase classname="com.crm.qa.testcases.Region_MasterListingPageTest" name="verifyRegionListingpage" time="10.107"/>
</testsuite> <!-- com.crm.qa.testcases.Region_MasterListingPageTest -->
