<?xml version="1.0" encoding="UTF-8"?>
<!-- Generated by org.testng.reporters.JUnitReportReporter -->
<testsuite hostname="DevendraS-130398" failures="0" tests="2" name="com.crm.qa.testcases.CurrencyMasterListingPageTest" time="14.407" errors="0" timestamp="10 Mar 2024 10:55:13 GMT" skipped="0">
  <testcase classname="com.crm.qa.testcases.CurrencyMasterListingPageTest" name="verifyhomepage" time="5.789"/>
  <testcase classname="com.crm.qa.testcases.CurrencyMasterListingPageTest" name="verifyCountryListingpage" time="8.618"/>
</testsuite> <!-- com.crm.qa.testcases.CurrencyMasterListingPageTest -->
