<?xml version="1.0" encoding="UTF-8"?>
<!-- Generated by org.testng.reporters.JUnitReportReporter -->
<testsuite hostname="DevendraS-130398" failures="0" tests="28" name="com.crm.qa.testcases.D2D_BookingPageTest" time="1793.089" errors="0" timestamp="16 Mar 2024 08:33:23 GMT" skipped="0">
  <testcase classname="com.crm.qa.testcases.D2D_BookingPageTest" name="verifyhomepage" time="5.147"/>
  <testcase classname="com.crm.qa.testcases.D2D_BookingPageTest" name="verifyD2D_Booking_gpage" time="8.535"/>
  <testcase classname="com.crm.qa.testcases.D2D_BookingPageTest" name="D2D_Prepaid_Warehouse_To_Warehouse_flow" time="47.727"/>
  <testcase classname="com.crm.qa.testcases.D2D_BookingPageTest" name="D2DBooking_Prepaid_Gen_Warehouse_to_Warehouse_flow" time="47.161"/>
  <testcase classname="com.crm.qa.testcases.D2D_BookingPageTest" name="D2DBooking_Po_Mail_S_Warehouse_to_Warehouse_flow" time="47.072"/>
  <testcase classname="com.crm.qa.testcases.D2D_BookingPageTest" name="D2DBooking_Walking_Warehouse_to_Warehouse_flow" time="56.405"/>
  <testcase classname="com.crm.qa.testcases.D2D_BookingPageTest" name="D2D_Prepaid_Single_leg_flow" time="64.466"/>
  <testcase classname="com.crm.qa.testcases.D2D_BookingPageTest" name="D2D_Prepaid_Single_leg_PoMail_flow" time="63.479"/>
  <testcase classname="com.crm.qa.testcases.D2D_BookingPageTest" name="D2D_Prepaid_Single_leg_Walking_flow" time="74.188"/>
  <testcase classname="com.crm.qa.testcases.D2D_BookingPageTest" name="D2D_Prepaid_Double_leg_Gen_flow" time="75.070"/>
  <testcase classname="com.crm.qa.testcases.D2D_BookingPageTest" name="D2D_Prepaid_Double_leg_POMail_flow" time="74.954"/>
  <testcase classname="com.crm.qa.testcases.D2D_BookingPageTest" name="D2D_Prepaid_Double_leg_WLK_flow" time="82.883"/>
  <testcase classname="com.crm.qa.testcases.D2D_BookingPageTest" name="D2D_Prepaid_Double_leg_Wh2wh_SingleFlight_Gen_flow" time="83.183"/>
  <testcase classname="com.crm.qa.testcases.D2D_BookingPageTest" name="D2D_Prepaid_Double_leg_Wh2wh_SingleFlight_POMail_flow" time="83.043"/>
  <testcase classname="com.crm.qa.testcases.D2D_BookingPageTest" name="D2D_Prepaid_Double_leg_Wh2wh_SingleFlight_Walking_flow" time="90.255"/>
  <testcase classname="com.crm.qa.testcases.D2D_BookingPageTest" name="D2D_Postpaid_Warehouse_To_Warehouse_flow" time="46.809"/>
  <testcase classname="com.crm.qa.testcases.D2D_BookingPageTest" name="D2DBooking_Postpaid_Gen_Warehouse_to_Warehouse_flow" time="47.281"/>
  <testcase classname="com.crm.qa.testcases.D2D_BookingPageTest" name="D2DBooking_PostPaid_Po_Mail_S_Warehouse_to_Warehouse_flow" time="47.154"/>
  <testcase classname="com.crm.qa.testcases.D2D_BookingPageTest" name="D2DBooking_Postpaid_Walking_Warehouse_to_Warehouse_flow" time="56.818"/>
  <testcase classname="com.crm.qa.testcases.D2D_BookingPageTest" name="D2DBooking_PostPaid_Single_leg_flow" time="63.949"/>
  <testcase classname="com.crm.qa.testcases.D2D_BookingPageTest" name="D2D_Postpaid_Single_leg_PoMail_flow" time="64.400"/>
  <testcase classname="com.crm.qa.testcases.D2D_BookingPageTest" name="D2D_Postpaid_Single_leg_Walking_flow" time="74.356"/>
  <testcase classname="com.crm.qa.testcases.D2D_BookingPageTest" name="D2D_Postpaid_Double_leg_Gen_flow" time="74.830"/>
  <testcase classname="com.crm.qa.testcases.D2D_BookingPageTest" name="D2D_Postpaid_Double_leg_POMail_flow" time="74.927"/>
  <testcase classname="com.crm.qa.testcases.D2D_BookingPageTest" name="D2D_Postpaid_Double_leg_WLK_flow" time="83.577"/>
  <testcase classname="com.crm.qa.testcases.D2D_BookingPageTest" name="D2D_Postpaid_Double_leg_Wh2wh_SingleFlight_Gen_flow" time="82.867"/>
  <testcase classname="com.crm.qa.testcases.D2D_BookingPageTest" name="D2D_Postpaid_Double_leg_Wh2wh_SingleFlight_POMail_flow" time="82.823"/>
  <testcase classname="com.crm.qa.testcases.D2D_BookingPageTest" name="D2D_Postpaid_Double_leg_Wh2wh_SingleFlight_Walking_flow" time="89.730"/>
</testsuite> <!-- com.crm.qa.testcases.D2D_BookingPageTest -->
