<?xml version="1.0" encoding="UTF-8"?>
<!-- Generated by org.testng.reporters.JUnitReportReporter -->
<testsuite hostname="DevendraS-130398" failures="0" tests="6" name="com.crm.qa.testcases.LoginPageTest" time="35.779" errors="0" timestamp="12 Mar 2024 12:21:48 GMT" skipped="0">
  <testcase classname="com.crm.qa.testcases.LoginPageTest" name="loginPageTitleTest" time="2.607"/>
  <testcase classname="com.crm.qa.testcases.LoginPageTest" name="invalidLogin" time="7.943"/>
  <testcase classname="com.crm.qa.testcases.LoginPageTest" name="invalidUser" time="6.251"/>
  <testcase classname="com.crm.qa.testcases.LoginPageTest" name="invalidPass" time="7.490"/>
  <testcase classname="com.crm.qa.testcases.LoginPageTest" name="noCredentials" time="6.239"/>
  <testcase classname="com.crm.qa.testcases.LoginPageTest" name="loginTest" time="5.249"/>
</testsuite> <!-- com.crm.qa.testcases.LoginPageTest -->
