<?xml version="1.0" encoding="UTF-8"?>
<!-- Generated by org.testng.reporters.JUnitReportReporter -->
<testsuite hostname="DevendraS-130398" failures="0" tests="4" name="com.crm.qa.testcases.NewCartcreationPageTest" time="46.861" errors="0" timestamp="09 Mar 2024 22:30:56 GMT" skipped="0">
  <testcase classname="com.crm.qa.testcases.NewCartcreationPageTest" name="verifyhomepage" time="5.186"/>
  <testcase classname="com.crm.qa.testcases.NewCartcreationPageTest" name="verifyCartListingpage" time="11.067"/>
  <testcase classname="com.crm.qa.testcases.NewCartcreationPageTest" name="ClickonNewCartButton" time="13.431"/>
  <testcase classname="com.crm.qa.testcases.NewCartcreationPageTest" name="CartCreationPossitiveflow" time="17.177"/>
</testsuite> <!-- com.crm.qa.testcases.NewCartcreationPageTest -->
