<?xml version="1.0" encoding="UTF-8"?>
<!-- Generated by org.testng.reporters.JUnitReportReporter -->
<testsuite hostname="DevendraS-130398" failures="0" tests="2" name="com.crm.qa.testcases.Aircraft_MasterListingPageTest" time="19.448" errors="0" timestamp="11 Mar 2024 11:00:59 GMT" skipped="0">
  <testcase classname="com.crm.qa.testcases.Aircraft_MasterListingPageTest" name="verifyhomepage" time="9.030"/>
  <testcase classname="com.crm.qa.testcases.Aircraft_MasterListingPageTest" name="verifyAircraftListingpage" time="10.418"/>
</testsuite> <!-- com.crm.qa.testcases.Aircraft_MasterListingPageTest -->
