<?xml version="1.0" encoding="UTF-8"?>
<!-- Generated by org.testng.reporters.JUnitReportReporter -->
<testsuite hostname="DevendraS-130398" failures="0" tests="3" name="com.crm.qa.testcases.D2D_BookingPageTest" time="61.718" errors="0" timestamp="13 Mar 2024 18:40:48 GMT" skipped="0">
  <testcase classname="com.crm.qa.testcases.D2D_BookingPageTest" name="verifyhomepage" time="5.400"/>
  <testcase classname="com.crm.qa.testcases.D2D_BookingPageTest" name="verifyD2D_Booking_gpage" time="8.221"/>
  <testcase classname="com.crm.qa.testcases.D2D_BookingPageTest" name="D2D_Warehouse_To_Warehouse_flow" time="48.097"/>
</testsuite> <!-- com.crm.qa.testcases.D2D_BookingPageTest -->
