<?xml version="1.0" encoding="UTF-8"?>
<!-- Generated by org.testng.reporters.JUnitReportReporter -->
<testsuite hostname="DevendraS-130398" failures="0" tests="4" name="com.crm.qa.testcases.NewCountrycreationPageTest" time="45.789" errors="0" timestamp="09 Mar 2024 23:55:30 GMT" skipped="0">
  <testcase classname="com.crm.qa.testcases.NewCountrycreationPageTest" name="verifyhomepage" time="6.603"/>
  <testcase classname="com.crm.qa.testcases.NewCountrycreationPageTest" name="verifyCartListingpage" time="9.927"/>
  <testcase classname="com.crm.qa.testcases.NewCountrycreationPageTest" name="ClickonNewCartButton" time="11.933"/>
  <testcase classname="com.crm.qa.testcases.NewCountrycreationPageTest" name="CartCreationPossitiveflow" time="17.326"/>
</testsuite> <!-- com.crm.qa.testcases.NewCountrycreationPageTest -->
