<?xml version="1.0" encoding="UTF-8"?>
<!-- Generated by org.testng.reporters.JUnitReportReporter -->
<testsuite hostname="DevendraS-130398" failures="0" tests="6" name="com.crm.qa.testcases.D2D_BookingPageTest" time="211.115" errors="0" timestamp="13 Mar 2024 20:33:11 GMT" skipped="0">
  <testcase classname="com.crm.qa.testcases.D2D_BookingPageTest" name="verifyhomepage" time="5.176"/>
  <testcase classname="com.crm.qa.testcases.D2D_BookingPageTest" name="verifyD2D_Booking_gpage" time="8.246"/>
  <testcase classname="com.crm.qa.testcases.D2D_BookingPageTest" name="D2D_Warehouse_To_Warehouse_flow" time="47.799"/>
  <testcase classname="com.crm.qa.testcases.D2D_BookingPageTest" name="D2DBooking_Prepaid_Gen_Warehouse_to_Warehouse_flow" time="46.906"/>
  <testcase classname="com.crm.qa.testcases.D2D_BookingPageTest" name="D2DBooking_Po_Mail_S_Warehouse_to_Warehouse_flow" time="47.023"/>
  <testcase classname="com.crm.qa.testcases.D2D_BookingPageTest" name="D2DBooking_Walking_Gen_Warehouse_to_Warehouse_flow" time="55.965"/>
</testsuite> <!-- com.crm.qa.testcases.D2D_BookingPageTest -->
