<?xml version="1.0" encoding="UTF-8"?>
<!-- Generated by org.testng.reporters.JUnitReportReporter -->
<testsuite hostname="DevendraS-130398" failures="0" tests="2" name="com.crm.qa.testcases.FreightForwarder_MasterListingPageTest" time="19.098" errors="0" timestamp="11 Mar 2024 08:55:29 GMT" skipped="0">
  <testcase classname="com.crm.qa.testcases.FreightForwarder_MasterListingPageTest" name="verifyhomepage" time="7.889"/>
  <testcase classname="com.crm.qa.testcases.FreightForwarder_MasterListingPageTest" name="verifyFreightForwarderListingpage" time="11.209"/>
</testsuite> <!-- com.crm.qa.testcases.FreightForwarder_MasterListingPageTest -->
