<?xml version="1.0" encoding="UTF-8"?>
<!-- Generated by org.testng.reporters.JUnitReportReporter -->
<testsuite hostname="DevendraS-130398" failures="0" tests="2" name="com.crm.qa.testcases.CartMasterListingPageTest" time="15.391" errors="0" timestamp="09 Mar 2024 20:15:27 GMT" skipped="0">
  <testcase classname="com.crm.qa.testcases.CartMasterListingPageTest" name="verifyhomepage" time="5.048"/>
  <testcase classname="com.crm.qa.testcases.CartMasterListingPageTest" name="verifyCartListingpage" time="10.343"/>
</testsuite> <!-- com.crm.qa.testcases.CartMasterListingPageTest -->
